0 info it worked if it ends with ok
1 verbose cli [ 'C:\\Program Files (x86)\\nodejs\\node.exe',
1 verbose cli   'C:\\Program Files (x86)\\nodejs\\node_modules\\npm\\bin\\npm-cli.js',
1 verbose cli   'install',
1 verbose cli   'ng2-pagination',
1 verbose cli   '--save' ]
2 info using npm@2.14.7
3 info using node@v4.2.3
4 verbose install initial load of C:\Users\Ramso\Documents\Projects\FirstPortfolio\client\package.json
5 warn package.json myportfolio@1.0.0 No description
6 warn package.json myportfolio@1.0.0 No repository field.
7 warn package.json myportfolio@1.0.0 No README data
8 warn package.json myportfolio@1.0.0 No license field.
9 verbose installManyTop reading scoped package data from C:\Users\Ramso\Documents\Projects\FirstPortfolio\client\node_modules\angular-in-memory-web-api\package.json
10 verbose installManyTop reading scoped package data from C:\Users\Ramso\Documents\Projects\FirstPortfolio\client\node_modules\bootstrap\package.json
11 verbose installManyTop reading scoped package data from C:\Users\Ramso\Documents\Projects\FirstPortfolio\client\node_modules\concurrently\package.json
12 verbose installManyTop reading scoped package data from C:\Users\Ramso\Documents\Projects\FirstPortfolio\client\node_modules\core-js\package.json
13 verbose installManyTop reading scoped package data from C:\Users\Ramso\Documents\Projects\FirstPortfolio\client\node_modules\reflect-metadata\package.json
14 verbose installManyTop reading scoped package data from C:\Users\Ramso\Documents\Projects\FirstPortfolio\client\node_modules\rxjs\package.json
15 verbose installManyTop reading scoped package data from C:\Users\Ramso\Documents\Projects\FirstPortfolio\client\node_modules\systemjs\package.json
16 verbose installManyTop reading scoped package data from C:\Users\Ramso\Documents\Projects\FirstPortfolio\client\node_modules\typescript\package.json
17 verbose installManyTop reading scoped package data from C:\Users\Ramso\Documents\Projects\FirstPortfolio\client\node_modules\zone.js\package.json
18 verbose installManyTop reading scoped package data from C:\Users\Ramso\Documents\Projects\FirstPortfolio\client\node_modules\@angular\common\package.json
19 verbose installManyTop reading scoped package data from C:\Users\Ramso\Documents\Projects\FirstPortfolio\client\node_modules\@angular\compiler\package.json
20 verbose installManyTop reading scoped package data from C:\Users\Ramso\Documents\Projects\FirstPortfolio\client\node_modules\@angular\core\package.json
21 verbose installManyTop reading scoped package data from C:\Users\Ramso\Documents\Projects\FirstPortfolio\client\node_modules\@angular\forms\package.json
22 verbose installManyTop reading scoped package data from C:\Users\Ramso\Documents\Projects\FirstPortfolio\client\node_modules\@angular\http\package.json
23 verbose installManyTop reading scoped package data from C:\Users\Ramso\Documents\Projects\FirstPortfolio\client\node_modules\@angular\platform-browser\package.json
24 verbose installManyTop reading scoped package data from C:\Users\Ramso\Documents\Projects\FirstPortfolio\client\node_modules\@angular\platform-browser-dynamic\package.json
25 verbose installManyTop reading scoped package data from C:\Users\Ramso\Documents\Projects\FirstPortfolio\client\node_modules\@angular\router\package.json
26 verbose installManyTop reading scoped package data from C:\Users\Ramso\Documents\Projects\FirstPortfolio\client\node_modules\@angular\upgrade\package.json
27 verbose readDependencies loading dependencies from C:\Users\Ramso\Documents\Projects\FirstPortfolio\client\package.json
28 silly cache add args [ 'ng2-pagination', null ]
29 verbose cache add spec ng2-pagination
30 silly cache add parsed spec Result {
30 silly cache add   raw: 'ng2-pagination',
30 silly cache add   scope: null,
30 silly cache add   name: 'ng2-pagination',
30 silly cache add   rawSpec: '',
30 silly cache add   spec: '*',
30 silly cache add   type: 'range' }
31 silly addNamed ng2-pagination@*
32 verbose addNamed "*" is a valid semver range for ng2-pagination
33 silly addNameRange { name: 'ng2-pagination', range: '*', hasData: false }
34 silly mapToRegistry name ng2-pagination
35 silly mapToRegistry using default registry
36 silly mapToRegistry registry https://registry.npmjs.org/
37 silly mapToRegistry uri https://registry.npmjs.org/ng2-pagination
38 verbose addNameRange registry:https://registry.npmjs.org/ng2-pagination not in flight; fetching
39 verbose request uri https://registry.npmjs.org/ng2-pagination
40 verbose request no auth needed
41 info attempt registry request try #1 at 16:16:03
42 verbose request id 26a35b2056ce076b
43 verbose etag W/"58520815-11c94"
44 verbose lastModified Thu, 15 Dec 2016 03:03:49 GMT
45 http request GET https://registry.npmjs.org/ng2-pagination
46 http 304 https://registry.npmjs.org/ng2-pagination
47 verbose headers { date: 'Mon, 02 Jan 2017 15:16:05 GMT',
47 verbose headers   via: '1.1 varnish',
47 verbose headers   'cache-control': 'max-age=300',
47 verbose headers   etag: 'W/"58520815-11c94"',
47 verbose headers   age: '282',
47 verbose headers   connection: 'keep-alive',
47 verbose headers   'x-served-by': 'cache-lhr6351-LHR',
47 verbose headers   'x-cache': 'HIT',
47 verbose headers   'x-cache-hits': '1',
47 verbose headers   'x-timer': 'S1483370165.776515,VS0,VE0',
47 verbose headers   vary: 'Accept-Encoding' }
48 silly get cb [ 304,
48 silly get   { date: 'Mon, 02 Jan 2017 15:16:05 GMT',
48 silly get     via: '1.1 varnish',
48 silly get     'cache-control': 'max-age=300',
48 silly get     etag: 'W/"58520815-11c94"',
48 silly get     age: '282',
48 silly get     connection: 'keep-alive',
48 silly get     'x-served-by': 'cache-lhr6351-LHR',
48 silly get     'x-cache': 'HIT',
48 silly get     'x-cache-hits': '1',
48 silly get     'x-timer': 'S1483370165.776515,VS0,VE0',
48 silly get     vary: 'Accept-Encoding' } ]
49 verbose etag https://registry.npmjs.org/ng2-pagination from cache
50 verbose get saving ng2-pagination to C:\Users\Ramso\AppData\Roaming\npm-cache\registry.npmjs.org\ng2-pagination\.cache.json
51 silly addNameRange number 2 { name: 'ng2-pagination', range: '*', hasData: true }
52 silly addNameRange versions [ 'ng2-pagination',
52 silly addNameRange   [ '0.0.1-alpha.1',
52 silly addNameRange     '0.0.1-alpha.2',
52 silly addNameRange     '0.0.1-alpha.3',
52 silly addNameRange     '0.0.1-alpha.4',
52 silly addNameRange     '0.0.1-alpha.5',
52 silly addNameRange     '0.0.1-alpha.6',
52 silly addNameRange     '0.0.1-alpha.7',
52 silly addNameRange     '0.0.1-alpha.8',
52 silly addNameRange     '0.0.1-alpha.9',
52 silly addNameRange     '0.0.1-alpha.10',
52 silly addNameRange     '0.0.1-alpha.11',
52 silly addNameRange     '0.0.1-alpha.12',
52 silly addNameRange     '0.0.1-alpha.13',
52 silly addNameRange     '0.0.1-beta.1',
52 silly addNameRange     '0.0.1-beta.2',
52 silly addNameRange     '0.0.1-beta.3',
52 silly addNameRange     '0.0.1',
52 silly addNameRange     '0.1.0',
52 silly addNameRange     '0.2.0',
52 silly addNameRange     '0.3.0',
52 silly addNameRange     '0.3.1',
52 silly addNameRange     '0.3.2',
52 silly addNameRange     '0.3.3',
52 silly addNameRange     '0.3.4',
52 silly addNameRange     '0.3.5',
52 silly addNameRange     '0.4.0',
52 silly addNameRange     '0.4.1',
52 silly addNameRange     '0.5.0',
52 silly addNameRange     '0.5.1',
52 silly addNameRange     '1.0.0',
52 silly addNameRange     '1.0.1' ] ]
53 silly addNamed ng2-pagination@1.0.1
54 verbose addNamed "1.0.1" is a plain semver version for ng2-pagination
55 silly cache afterAdd ng2-pagination@1.0.1
56 verbose afterAdd C:\Users\Ramso\AppData\Roaming\npm-cache\ng2-pagination\1.0.1\package\package.json not in flight; writing
57 verbose afterAdd C:\Users\Ramso\AppData\Roaming\npm-cache\ng2-pagination\1.0.1\package\package.json written
58 silly install resolved [ { name: 'ng2-pagination',
58 silly install resolved     version: '1.0.1',
58 silly install resolved     description: 'Pagination for Angular 2',
58 silly install resolved     main: 'index.js',
58 silly install resolved     scripts:
58 silly install resolved      { 'build:system': 'tsc -p config/tsconfig.system.json',
58 silly install resolved        'build:cjs': 'ngc -p config/tsconfig.cjs.json',
58 silly install resolved        build: 'npm run build:cjs && npm run build:system',
58 silly install resolved        test: 'karma start config/karma.conf.js',
58 silly install resolved        'test:watch': 'npm run test -- --auto-watch --no-single-run',
58 silly install resolved        'demo:watch': 'webpack --config config/webpack.config.js --progress --colors --watch',
58 silly install resolved        'demo:dist': 'webpack --config config/webpack.config.js --progress --colors -p --env.prod',
58 silly install resolved        'publish-lib': 'npm run test && npm run build && npm run demo:dist' },
58 silly install resolved     files: [ 'dist', 'index.js', 'index.d.ts' ],
58 silly install resolved     keywords: [ 'angular2', 'pagination' ],
58 silly install resolved     repository:
58 silly install resolved      { type: 'git',
58 silly install resolved        url: 'git+https://github.com/michaelbromley/ng2-pagination.git' },
58 silly install resolved     bugs: { url: 'https://github.com/michaelbromley/ng2-pagination/issues' },
58 silly install resolved     author:
58 silly install resolved      { name: 'Michael Bromley',
58 silly install resolved        email: 'michael@michaelbromley.co.uk' },
58 silly install resolved     license: 'MIT',
58 silly install resolved     devDependencies:
58 silly install resolved      { '@angular/common': '^2.0.2',
58 silly install resolved        '@angular/compiler': '^2.0.2',
58 silly install resolved        '@angular/compiler-cli': '^0.6.4',
58 silly install resolved        '@angular/core': '^2.0.2',
58 silly install resolved        '@angular/forms': '^2.0.2',
58 silly install resolved        '@angular/platform-browser': '^2.0.2',
58 silly install resolved        '@angular/platform-browser-dynamic': '^2.0.2',
58 silly install resolved        '@angular/platform-server': '^2.0.2',
58 silly install resolved        '@angular/router': '3.1.2',
58 silly install resolved        '@ngtools/webpack': '1.1.4',
58 silly install resolved        '@types/es6-shim': '^0.31.32',
58 silly install resolved        '@types/jasmine': '^2.5.35',
58 silly install resolved        '@types/node': '^6.0.45',
58 silly install resolved        'angular2-template-loader': '0.6.0',
58 silly install resolved        bulma: '0.2.3',
58 silly install resolved        'core-js': '^2.4.0',
58 silly install resolved        'css-loader': '^0.23.1',
58 silly install resolved        'es6-promise': '^3.0.2',
58 silly install resolved        'es6-shim': '^0.35.0',
58 silly install resolved        'highlight.js': '^9.1.0',
58 silly install resolved        'html-loader': '^0.4.3',
58 silly install resolved        'jasmine-core': '^2.4.1',
58 silly install resolved        'json-loader': '^0.5.4',
58 silly install resolved        karma: '1.2.0',
58 silly install resolved        'karma-chrome-launcher': '2.0.0',
58 silly install resolved        'karma-jasmine': '1.0.2',
58 silly install resolved        'karma-mocha-reporter': '^2.2.0',
58 silly install resolved        'karma-phantomjs-launcher': '1.0.2',
58 silly install resolved        'karma-webpack': '^1.8.0',
58 silly install resolved        marked: '^0.3.6',
58 silly install resolved        'node-sass': '^3.6.0',
58 silly install resolved        'phantomjs-prebuilt': '^2.1.7',
58 silly install resolved        'raw-loader': '^0.5.1',
58 silly install resolved        'reflect-metadata': '0.1.3',
58 silly install resolved        rxjs: '5.0.0-beta.12',
58 silly install resolved        'sass-loader': '^3.1.2',
58 silly install resolved        'style-loader': '^0.13.1',
58 silly install resolved        'ts-loader': '^1.0.0',
58 silly install resolved        typescript: '2.0.6',
58 silly install resolved        webpack: '2.1.0-beta.25',
58 silly install resolved        'zone.js': '0.6.25' },
58 silly install resolved     dependencies: {},
58 silly install resolved     gitHead: '2c321ce17df9852f68f4ef9fe7d96fab91280413',
58 silly install resolved     homepage: 'https://github.com/michaelbromley/ng2-pagination#readme',
58 silly install resolved     _id: 'ng2-pagination@1.0.1',
58 silly install resolved     _shasum: '98652757592a3bf352208086769526df23ca67fb',
58 silly install resolved     _from: 'ng2-pagination@*',
58 silly install resolved     _npmVersion: '3.10.9',
58 silly install resolved     _nodeVersion: '6.1.0',
58 silly install resolved     _npmUser:
58 silly install resolved      { name: 'michaelbromley',
58 silly install resolved        email: 'michael@michaelbromley.co.uk' },
58 silly install resolved     maintainers: [ [Object] ],
58 silly install resolved     dist:
58 silly install resolved      { shasum: '98652757592a3bf352208086769526df23ca67fb',
58 silly install resolved        tarball: 'https://registry.npmjs.org/ng2-pagination/-/ng2-pagination-1.0.1.tgz' },
58 silly install resolved     _npmOperationalInternal:
58 silly install resolved      { host: 'packages-18-east.internal.npmjs.com',
58 silly install resolved        tmp: 'tmp/ng2-pagination-1.0.1.tgz_1479293683730_0.7354611866176128' },
58 silly install resolved     directories: {},
58 silly install resolved     _resolved: 'https://registry.npmjs.org/ng2-pagination/-/ng2-pagination-1.0.1.tgz',
58 silly install resolved     readme: 'ERROR: No README data found!' } ]
59 info install ng2-pagination@1.0.1 into C:\Users\Ramso\Documents\Projects\FirstPortfolio\client
60 info installOne ng2-pagination@1.0.1
61 verbose installOne of ng2-pagination to C:\Users\Ramso\Documents\Projects\FirstPortfolio\client not in flight; installing
62 verbose lock using C:\Users\Ramso\AppData\Roaming\npm-cache\_locks\ng2-pagination-18f7907b4d26a180.lock for C:\Users\Ramso\Documents\Projects\FirstPortfolio\client\node_modules\ng2-pagination
63 silly install write writing ng2-pagination 1.0.1 to C:\Users\Ramso\Documents\Projects\FirstPortfolio\client\node_modules\ng2-pagination
64 verbose unbuild node_modules\ng2-pagination
65 silly gentlyRm C:\Users\Ramso\Documents\Projects\FirstPortfolio\client\node_modules\ng2-pagination is being purged from base C:\Users\Ramso\Documents\Projects\FirstPortfolio\client
66 verbose gentlyRm don't care about contents; nuking C:\Users\Ramso\Documents\Projects\FirstPortfolio\client\node_modules\ng2-pagination
67 verbose tar unpack C:\Users\Ramso\AppData\Roaming\npm-cache\ng2-pagination\1.0.1\package.tgz
68 verbose tar unpacking to C:\Users\Ramso\Documents\Projects\FirstPortfolio\client\node_modules\ng2-pagination
69 silly gentlyRm C:\Users\Ramso\Documents\Projects\FirstPortfolio\client\node_modules\ng2-pagination is being purged
70 verbose gentlyRm don't care about contents; nuking C:\Users\Ramso\Documents\Projects\FirstPortfolio\client\node_modules\ng2-pagination
71 silly gunzTarPerm modes [ '777', '666' ]
72 silly gunzTarPerm extractEntry package.json
73 silly gunzTarPerm extractEntry README.md
74 silly gunzTarPerm extractEntry index.js
75 silly gunzTarPerm extractEntry CHANGELOG.md
76 silly gunzTarPerm extractEntry LICENSE.txt
77 silly gunzTarPerm extractEntry dist/ng2-pagination-bundle.js
78 silly gunzTarPerm extractEntry dist/ng2-pagination.js
79 silly gunzTarPerm extractEntry dist/paginate.pipe.js
80 silly gunzTarPerm extractEntry dist/pagination-controls.component.js
81 silly gunzTarPerm extractEntry dist/pagination-controls.directive.js
82 silly gunzTarPerm extractEntry dist/pagination-instance.js
83 silly gunzTarPerm extractEntry dist/pagination.service.js
84 silly gunzTarPerm extractEntry dist/template.js
85 silly gunzTarPerm extractEntry dist/ng2-pagination.metadata.json
86 silly gunzTarPerm extractEntry dist/pagination-controls.component.metadata.json
87 silly gunzTarPerm extractEntry dist/ng2-pagination.d.ts
88 silly gunzTarPerm extractEntry dist/paginate.pipe.d.ts
89 silly gunzTarPerm extractEntry dist/pagination-controls.directive.metadata.json
90 silly gunzTarPerm extractEntry dist/pagination-instance.d.ts
91 silly gunzTarPerm extractEntry dist/template.metadata.json
92 silly gunzTarPerm extractEntry dist/pagination.service.d.ts
93 silly gunzTarPerm extractEntry dist/paginate.pipe.metadata.json
94 silly gunzTarPerm extractEntry dist/template.d.ts
95 silly gunzTarPerm extractEntry dist/pagination-controls.component.d.ts
96 silly gunzTarPerm extractEntry dist/pagination-controls.directive.d.ts
97 silly gunzTarPerm extractEntry index.d.ts
98 verbose write writing to C:\Users\Ramso\Documents\Projects\FirstPortfolio\client\node_modules\ng2-pagination\package.json
99 info preinstall ng2-pagination@1.0.1
100 verbose readDependencies loading dependencies from C:\Users\Ramso\Documents\Projects\FirstPortfolio\client\node_modules\ng2-pagination\package.json
101 verbose readDependencies loading dependencies from C:\Users\Ramso\Documents\Projects\FirstPortfolio\client\node_modules\ng2-pagination\package.json
102 silly install resolved []
103 verbose about to build C:\Users\Ramso\Documents\Projects\FirstPortfolio\client\node_modules\ng2-pagination
104 info build C:\Users\Ramso\Documents\Projects\FirstPortfolio\client\node_modules\ng2-pagination
105 info linkStuff ng2-pagination@1.0.1
106 silly linkStuff ng2-pagination@1.0.1 has C:\Users\Ramso\Documents\Projects\FirstPortfolio\client\node_modules as its parent node_modules
107 verbose linkBins ng2-pagination@1.0.1
108 verbose linkMans ng2-pagination@1.0.1
109 verbose rebuildBundles ng2-pagination@1.0.1
110 info install ng2-pagination@1.0.1
111 info postinstall ng2-pagination@1.0.1
112 verbose unlock done using C:\Users\Ramso\AppData\Roaming\npm-cache\_locks\ng2-pagination-18f7907b4d26a180.lock for C:\Users\Ramso\Documents\Projects\FirstPortfolio\client\node_modules\ng2-pagination
113 verbose validateInstall loading C:\Users\Ramso\Documents\Projects\FirstPortfolio\client\package.json for validation
114 verbose stack Error: The package rxjs@5.0.0-beta.12 does not satisfy its siblings' peerDependencies requirements!
114 verbose stack     at C:\Program Files (x86)\nodejs\node_modules\npm\lib\install.js:125:32
114 verbose stack     at C:\Program Files (x86)\nodejs\node_modules\npm\lib\install.js:268:7
114 verbose stack     at C:\Program Files (x86)\nodejs\node_modules\npm\node_modules\read-installed\read-installed.js:142:5
114 verbose stack     at C:\Program Files (x86)\nodejs\node_modules\npm\node_modules\read-installed\read-installed.js:263:14
114 verbose stack     at cb (C:\Program Files (x86)\nodejs\node_modules\npm\node_modules\slide\lib\async-map.js:47:24)
114 verbose stack     at C:\Program Files (x86)\nodejs\node_modules\npm\node_modules\read-installed\read-installed.js:263:14
114 verbose stack     at cb (C:\Program Files (x86)\nodejs\node_modules\npm\node_modules\slide\lib\async-map.js:47:24)
114 verbose stack     at C:\Program Files (x86)\nodejs\node_modules\npm\node_modules\read-installed\read-installed.js:263:14
114 verbose stack     at cb (C:\Program Files (x86)\nodejs\node_modules\npm\node_modules\slide\lib\async-map.js:47:24)
114 verbose stack     at C:\Program Files (x86)\nodejs\node_modules\npm\node_modules\read-installed\read-installed.js:263:14
115 verbose cwd C:\Users\Ramso\Documents\Projects\FirstPortfolio\client
116 error Windows_NT 6.1.7601
117 error argv "C:\\Program Files (x86)\\nodejs\\node.exe" "C:\\Program Files (x86)\\nodejs\\node_modules\\npm\\bin\\npm-cli.js" "install" "ng2-pagination" "--save"
118 error node v4.2.3
119 error npm  v2.14.7
120 error code EPEERINVALID
121 error peerinvalid The package rxjs@5.0.0-beta.12 does not satisfy its siblings' peerDependencies requirements!
121 error peerinvalid Peer @angular/core@2.0.2 wants rxjs@5.0.0-beta.12
121 error peerinvalid Peer @angular/http@2.0.2 wants rxjs@5.0.0-beta.12
121 error peerinvalid Peer @angular/router@3.0.2 wants rxjs@5.0.0-beta.12
121 error peerinvalid Peer angular-in-memory-web-api@0.1.17 wants rxjs@5.0.0-rc.4
122 verbose exit [ 1, true ]
